::1 - - [06/Mar/2025:05:00:30 +0000] "POST /api/login HTTP/1.1" 200 188 "-" "PostmanRuntime/7.43.0"
::1 - - [06/Mar/2025:05:00:45 +0000] "POST /api/signup HTTP/1.1" 400 103 "-" "PostmanRuntime/7.43.0"
::1 - - [06/Mar/2025:05:01:07 +0000] "POST /api/signup HTTP/1.1" 400 34 "-" "PostmanRuntime/7.43.0"
::1 - - [06/Mar/2025:05:01:16 +0000] "POST /api/signup HTTP/1.1" 201 203 "-" "PostmanRuntime/7.43.0"
::1 - - [06/Mar/2025:05:01:47 +0000] "POST /api/posts HTTP/1.1" 400 27 "-" "PostmanRuntime/7.43.0"
::1 - - [06/Mar/2025:05:04:14 +0000] "POST /api/posts HTTP/1.1" 400 109 "-" "PostmanRuntime/7.43.0"
::1 - - [06/Mar/2025:05:04:53 +0000] "POST /api/login HTTP/1.1" 200 188 "-" "PostmanRuntime/7.43.0"
::1 - - [06/Mar/2025:05:05:11 +0000] "POST /api/posts HTTP/1.1" 400 109 "-" "PostmanRuntime/7.43.0"
::1 - - [06/Mar/2025:05:13:44 +0000] "POST /api/posts HTTP/1.1" 400 85 "-" "PostmanRuntime/7.43.0"
::1 - - [06/Mar/2025:05:14:21 +0000] "POST /api/posts HTTP/1.1" 200 345 "-" "PostmanRuntime/7.43.0"
::1 - - [06/Mar/2025:05:19:57 +0000] "GET / HTTP/1.1" 200 9 "-" "Mozilla/5.0 (X11; Linux x86_64) AppleWebKit/537.36 (KHTML, like Gecko) Chrome/133.0.0.0 Safari/537.36"
::1 - - [06/Mar/2025:05:19:57 +0000] "GET /favicon.ico HTTP/1.1" 401 47 "-" "Mozilla/5.0 (X11; Linux x86_64) AppleWebKit/537.36 (KHTML, like Gecko) Chrome/133.0.0.0 Safari/537.36"
::1 - - [10/Mar/2025:10:23:10 +0000] "GET / HTTP/1.1" 304 - "-" "Mozilla/5.0 (X11; Linux x86_64) AppleWebKit/537.36 (KHTML, like Gecko) Chrome/134.0.0.0 Safari/537.36"
::1 - - [10/Mar/2025:10:23:10 +0000] "GET /favicon.ico HTTP/1.1" 401 47 "-" "Mozilla/5.0 (X11; Linux x86_64) AppleWebKit/537.36 (KHTML, like Gecko) Chrome/134.0.0.0 Safari/537.36"
::1 - - [10/Mar/2025:10:23:43 +0000] "POST /api/login HTTP/1.1" 200 188 "-" "PostmanRuntime/7.43.0"
::1 - - [10/Mar/2025:10:23:53 +0000] "POST /api/signup HTTP/1.1" 400 103 "-" "PostmanRuntime/7.43.0"
::1 - - [10/Mar/2025:10:24:18 +0000] "POST /api/signup HTTP/1.1" 400 34 "-" "PostmanRuntime/7.43.0"
::1 - - [10/Mar/2025:10:25:37 +0000] "POST /api/signup HTTP/1.1" 201 203 "-" "PostmanRuntime/7.43.0"
::1 - - [10/Mar/2025:10:35:49 +0000] "POST /api/posts HTTP/1.1" 400 27 "-" "PostmanRuntime/7.43.0"
::1 - - [10/Mar/2025:10:36:35 +0000] "GET /api/posts?page=1&limit=10&tags=hj&searchText=kshitij HTTP/1.1" 400 27 "-" "PostmanRuntime/7.43.0"
::1 - - [10/Mar/2025:10:37:03 +0000] "POST /api/posts HTTP/1.1" 400 85 "-" "PostmanRuntime/7.43.0"
::1 - - [10/Mar/2025:10:37:29 +0000] "POST /api/posts HTTP/1.1" 200 327 "-" "PostmanRuntime/7.43.0"
::1 - - [10/Mar/2025:10:37:51 +0000] "GET /api/posts?page=1&limit=10&tags=hj&searchText=kshitij HTTP/1.1" 400 27 "-" "PostmanRuntime/7.43.0"
::1 - - [10/Mar/2025:10:37:57 +0000] "POST /api/posts HTTP/1.1" 200 327 "-" "PostmanRuntime/7.43.0"
::1 - - [10/Mar/2025:10:38:28 +0000] "GET /api/posts?page=1&limit=10&tags=hj&searchText=kshitij HTTP/1.1" 200 58 "-" "PostmanRuntime/7.43.0"
::1 - - [10/Mar/2025:10:39:06 +0000] "GET /api/posts?page=1&limit=10&tags=hj&searchText=Test HTTP/1.1" 200 58 "-" "PostmanRuntime/7.43.0"
::1 - - [10/Mar/2025:10:39:51 +0000] "GET /api/posts?page=1&limit=10&tags=hj&searchText=Test HTTP/1.1" 200 58 "-" "PostmanRuntime/7.43.0"
::1 - - [10/Mar/2025:10:48:13 +0000] "GET /api/posts?page=1&limit=10&tags=test123&searchText=Test HTTP/1.1" 200 1273 "-" "PostmanRuntime/7.43.0"
::1 - - [10/Mar/2025:11:03:00 +0000] "POST /api/signup HTTP/1.1" 400 122 "-" "PostmanRuntime/7.43.0"
::1 - - [10/Mar/2025:11:06:17 +0000] "POST /api/signup HTTP/1.1" 201 203 "-" "PostmanRuntime/7.43.0"
::1 - - [10/Mar/2025:11:07:03 +0000] "POST /api/login HTTP/1.1" 200 188 "-" "PostmanRuntime/7.43.0"
::1 - - [10/Mar/2025:11:07:43 +0000] "POST /api/posts HTTP/1.1" 200 327 "-" "PostmanRuntime/7.43.0"
::1 - - [10/Mar/2025:11:08:07 +0000] "GET /api/posts?page=1&limit=10&tags=test123&searchText=Test HTTP/1.1" 200 1577 "-" "PostmanRuntime/7.43.0"
::1 - - [10/Mar/2025:11:08:51 +0000] "GET /api/posts?searchText=Test&page=1&limit=10&tags=test123 HTTP/1.1" 200 1577 "-" "PostmanRuntime/7.43.0"
::1 - - [10/Mar/2025:11:09:56 +0000] "GET /api/posts?searchText=%26Test&page=1&limit=10&tags=test123 HTTP/1.1" 200 58 "-" "PostmanRuntime/7.43.0"
::1 - - [10/Mar/2025:11:10:35 +0000] "GET /api/posts HTTP/1.1" 200 1899 "-" "PostmanRuntime/7.43.0"
::1 - - [10/Mar/2025:11:10:58 +0000] "GET /api/posts?searchText=4%265 HTTP/1.1" 200 58 "-" "PostmanRuntime/7.43.0"
::1 - - [10/Mar/2025:11:11:06 +0000] "GET /api/posts?searchText=45 HTTP/1.1" 200 1577 "-" "PostmanRuntime/7.43.0"
::1 - - [10/Mar/2025:11:11:29 +0000] "GET /api/posts?searchText=45&tags=123 HTTP/1.1" 200 58 "-" "PostmanRuntime/7.43.0"
::1 - - [10/Mar/2025:11:11:56 +0000] "GET /api/posts?searchText=45 HTTP/1.1" 200 1577 "-" "PostmanRuntime/7.43.0"
::1 - - [10/Mar/2025:11:12:20 +0000] "GET /api/posts?searchText=45 HTTP/1.1" 200 1577 "-" "PostmanRuntime/7.43.0"
::1 - - [10/Mar/2025:11:12:24 +0000] "GET /api/posts?searchText=45&tags=test123 HTTP/1.1" 200 1577 "-" "PostmanRuntime/7.43.0"
::1 - - [10/Mar/2025:11:12:40 +0000] "GET /api/posts?tags=test123 HTTP/1.1" 200 1577 "-" "PostmanRuntime/7.43.0"
::1 - - [10/Mar/2025:11:22:11 +0000] "DELETE /api/delete/67c80b925a5dc772eba52a19 HTTP/1.1" 401 47 "-" "PostmanRuntime/7.43.0"
::1 - - [10/Mar/2025:11:25:26 +0000] "DELETE /api/delete/67c80b925a5dc772eba52a19 HTTP/1.1" 200 22 "-" "PostmanRuntime/7.43.0"
::1 - - [10/Mar/2025:11:25:38 +0000] "DELETE /api/delete/67c80b925a5dc772eba52a19 HTTP/1.1" 200 22 "-" "PostmanRuntime/7.43.0"
::1 - - [10/Mar/2025:11:49:27 +0000] "POST /api/login HTTP/1.1" 400 102 "-" "PostmanRuntime/7.43.0"
::1 - - [10/Mar/2025:11:51:12 +0000] "POST /api/login HTTP/1.1" 200 188 "-" "PostmanRuntime/7.43.0"
::1 - - [10/Mar/2025:11:52:23 +0000] "DELETE /api/delete/67c80b925a5dc772eba52a19 HTTP/1.1" 200 49 "-" "PostmanRuntime/7.43.0"
::1 - - [10/Mar/2025:11:52:28 +0000] "DELETE /api/delete/67c80b925a5dc772eba52a19 HTTP/1.1" 404 28 "-" "PostmanRuntime/7.43.0"
